# JRE version: Java(TM) SE Runtime Environment (11.0.4+10) (build 11.0.4+10-LTS)
# Java VM: Java HotSpot(TM) 64-Bit Server VM (11.0.4+10-LTS, mixed mode, tiered, compressed oops, g1 gc, windows-amd64)
Heap:
 garbage-first heap   total 157696K, used 17966K [0x0000000080e00000, 0x0000000100000000)
  region size 1024K, 8 young (8192K), 8 survivors (8192K)
 Metaspace       used 32888K, capacity 34108K, committed 34304K, reserved 1079296K
  class space    used 4126K, capacity 4603K, committed 4608K, reserved 1048576K
GC Heap History (10 events):
Event: 2.997 GC heap after
{Heap after GC invocations=3 (full 0):
 garbage-first heap   total 131072K, used 10763K [0x0000000080e00000, 0x0000000100000000)
  region size 1024K, 4 young (4096K), 4 survivors (4096K)
 Metaspace       used 17001K, capacity 17546K, committed 17792K, reserved 1064960K
  class space    used 1880K, capacity 2076K, committed 2176K, reserved 1048576K
}
Event: 4.518 GC heap before
{Heap before GC invocations=3 (full 0):
 garbage-first heap   total 131072K, used 29195K [0x0000000080e00000, 0x0000000100000000)
  region size 1024K, 23 young (23552K), 4 survivors (4096K)
 Metaspace       used 20384K, capacity 21105K, committed 21248K, reserved 1067008K
  class space    used 2425K, capacity 2711K, committed 2816K, reserved 1048576K
}
Event: 4.540 GC heap after
{Heap after GC invocations=4 (full 0):
 garbage-first heap   total 131072K, used 11980K [0x0000000080e00000, 0x0000000100000000)
  region size 1024K, 3 young (3072K), 3 survivors (3072K)
 Metaspace       used 20384K, capacity 21105K, committed 21248K, reserved 1067008K
  class space    used 2425K, capacity 2711K, committed 2816K, reserved 1048576K
}
Event: 5.362 GC heap before
{Heap before GC invocations=5 (full 0):
 garbage-first heap   total 131072K, used 51916K [0x0000000080e00000, 0x0000000100000000)
  region size 1024K, 42 young (43008K), 3 survivors (3072K)
 Metaspace       used 25922K, capacity 26800K, committed 27008K, reserved 1073152K
  class space    used 3095K, capacity 3443K, committed 3456K, reserved 1048576K
}
Event: 5.369 GC heap after
{Heap after GC invocations=6 (full 0):
 garbage-first heap   total 131072K, used 13412K [0x0000000080e00000, 0x0000000100000000)
  region size 1024K, 4 young (4096K), 4 survivors (4096K)
 Metaspace       used 25922K, capacity 26800K, committed 27008K, reserved 1073152K
  class space    used 3095K, capacity 3443K, committed 3456K, reserved 1048576K
}
Event: 5.423 GC heap before
{Heap before GC invocations=6 (full 0):
 garbage-first heap   total 131072K, used 68708K [0x0000000080e00000, 0x0000000100000000)
  region size 1024K, 59 young (60416K), 4 survivors (4096K)
 Metaspace       used 26046K, capacity 26960K, committed 27136K, reserved 1073152K
  class space    used 3106K, capacity 3475K, committed 3584K, reserved 1048576K
}
Event: 5.430 GC heap after
{Heap after GC invocations=7 (full 0):
 garbage-first heap   total 131072K, used 13474K [0x0000000080e00000, 0x0000000100000000)
  region size 1024K, 4 young (4096K), 4 survivors (4096K)
 Metaspace       used 26046K, capacity 26960K, committed 27136K, reserved 1073152K
  class space    used 3106K, capacity 3475K, committed 3584K, reserved 1048576K
}
Event: 6.469 GC heap before
{Heap before GC invocations=7 (full 0):
 garbage-first heap   total 131072K, used 79010K [0x0000000080e00000, 0x0000000100000000)
  region size 1024K, 69 young (70656K), 4 survivors (4096K)
 Metaspace       used 27614K, capacity 28623K, committed 28928K, reserved 1075200K
  class space    used 3331K, capacity 3727K, committed 3840K, reserved 1048576K
}
Event: 6.482 GC heap after
{Heap after GC invocations=8 (full 0):
 garbage-first heap   total 131072K, used 15796K [0x0000000080e00000, 0x0000000100000000)
  region size 1024K, 7 young (7168K), 7 survivors (7168K)
 Metaspace       used 27614K, capacity 28623K, committed 28928K, reserved 1075200K
  class space    used 3331K, capacity 3727K, committed 3840K, reserved 1048576K
}
Event: 8.831 GC heap before
{Heap before GC invocations=8 (full 0):
 garbage-first heap   total 131072K, used 86452K [0x0000000080e00000, 0x0000000100000000)
  region size 1024K, 76 young (77824K), 7 survivors (7168K)
 Metaspace       used 32888K, capacity 34108K, committed 34304K, reserved 1079296K
  class space    used 4126K, capacity 4603K, committed 4608K, reserved 1048576K
}

